-------------------------------------------------------------------------------
Test set: org.springboot.kafka.example.ApplicationTests
-------------------------------------------------------------------------------
Tests run: 1, Failures: 0, Errors: 1, Skipped: 0, Time elapsed: 2.727 s <<< FAILURE! - in org.springboot.kafka.example.ApplicationTests
contextLoads  Time elapsed: 0.003 s  <<< ERROR!
java.lang.IllegalStateException: Failed to load ApplicationContext for [WebMergedContextConfiguration@44ed0a8f testClass = org.springboot.kafka.example.ApplicationTests, locations = [], classes = [org.springboot.kafka.example.Application], contextInitializerClasses = [], activeProfiles = [], propertySourceLocations = [], propertySourceProperties = ["org.springframework.boot.test.context.SpringBootTestContextBootstrapper=true"], contextCustomizers = [org.springframework.boot.test.context.filter.ExcludeFilterContextCustomizer@7a67e3c6, org.springframework.boot.test.json.DuplicateJsonObjectContextCustomizerFactory$DuplicateJsonObjectContextCustomizer@600b90df, org.springframework.boot.test.mock.mockito.MockitoContextCustomizer@0, org.springframework.boot.test.web.client.TestRestTemplateContextCustomizer@1046d517, org.springframework.boot.test.autoconfigure.actuate.observability.ObservabilityContextCustomizerFactory$DisableObservabilityContextCustomizer@9da1, org.springframework.boot.test.autoconfigure.properties.PropertyMappingContextCustomizer@0, org.springframework.boot.test.autoconfigure.web.servlet.WebDriverContextCustomizerFactory$Customizer@4b23c30a, org.springframework.boot.test.context.SpringBootTestAnnotation@887fe9a], resourceBasePath = "src/main/webapp", contextLoader = org.springframework.boot.test.context.SpringBootContextLoader, parent = null]
Caused by: org.springframework.beans.factory.UnsatisfiedDependencyException: Error creating bean with name 'jsonMessageController' defined in file [E:\Mounika\JAVA_WORKSPACE\kafka.example\target\classes\org\springboot\kafka\example\controller\JsonMessageController.class]: Unsatisfied dependency expressed through constructor parameter 0: Error creating bean with name 'jsonKafkaProducer' defined in file [E:\Mounika\JAVA_WORKSPACE\kafka.example\target\classes\org\springboot\kafka\example\kafka\JsonKafkaProducer.class]: Unsatisfied dependency expressed through constructor parameter 0: Error creating bean with name 'org.springframework.boot.autoconfigure.kafka.KafkaAutoConfiguration': Unsatisfied dependency expressed through constructor parameter 0: Error creating bean with name 'spring.kafka-org.springframework.boot.autoconfigure.kafka.KafkaProperties': Could not bind properties to 'KafkaProperties' : prefix=spring.kafka, ignoreInvalidFields=false, ignoreUnknownFields=true
Caused by: org.springframework.beans.factory.UnsatisfiedDependencyException: Error creating bean with name 'jsonKafkaProducer' defined in file [E:\Mounika\JAVA_WORKSPACE\kafka.example\target\classes\org\springboot\kafka\example\kafka\JsonKafkaProducer.class]: Unsatisfied dependency expressed through constructor parameter 0: Error creating bean with name 'org.springframework.boot.autoconfigure.kafka.KafkaAutoConfiguration': Unsatisfied dependency expressed through constructor parameter 0: Error creating bean with name 'spring.kafka-org.springframework.boot.autoconfigure.kafka.KafkaProperties': Could not bind properties to 'KafkaProperties' : prefix=spring.kafka, ignoreInvalidFields=false, ignoreUnknownFields=true
Caused by: org.springframework.beans.factory.UnsatisfiedDependencyException: Error creating bean with name 'org.springframework.boot.autoconfigure.kafka.KafkaAutoConfiguration': Unsatisfied dependency expressed through constructor parameter 0: Error creating bean with name 'spring.kafka-org.springframework.boot.autoconfigure.kafka.KafkaProperties': Could not bind properties to 'KafkaProperties' : prefix=spring.kafka, ignoreInvalidFields=false, ignoreUnknownFields=true
Caused by: org.springframework.boot.context.properties.ConfigurationPropertiesBindException: Error creating bean with name 'spring.kafka-org.springframework.boot.autoconfigure.kafka.KafkaProperties': Could not bind properties to 'KafkaProperties' : prefix=spring.kafka, ignoreInvalidFields=false, ignoreUnknownFields=true
Caused by: org.springframework.boot.context.properties.bind.BindException: Failed to bind properties under 'spring.kafka.consumer.key-deserializer' to java.lang.Class<?>
Caused by: org.springframework.core.convert.ConversionFailedException: Failed to convert from type [java.lang.String] to type [java.lang.Class<?>] for value 'org.apache.kafka.common.serialization.StringDeSerializer'
Caused by: org.springframework.beans.TypeMismatchException: Failed to convert value of type 'java.lang.String' to required type 'java.lang.Class'; Could not find class [org.apache.kafka.common.serialization.StringDeSerializer]
Caused by: java.lang.IllegalArgumentException: Could not find class [org.apache.kafka.common.serialization.StringDeSerializer]
Caused by: java.lang.ClassNotFoundException: org.apache.kafka.common.serialization.StringDeSerializer

